2023-09-13 14:59:09,056 - INFO - program_fpga - jtag - Setting up Vivado 'C:\Xilinx\Vivado_Lab\2019.2\bin\setupEnv.bat C:\Xilinx\Vivado_Lab\2019.2\bin XILINX_VIVADO'
2023-09-13 14:59:09,056 - INFO - program_fpga - jtag - Loading Vivado 'C:\Xilinx\Vivado_Lab\2019.2\bin\loader.bat -exec vivado_lab -mode batch -source "C:\validation\Projects\Franco\python\franco_val\venv\lib\site-packages\program_fpga\program_fpga.tcl" -tclargs -hw_server localhost:3121 -hw_device xc7v585t_1 -bit_file C:\Validation\Projects\Franco\python\franco_val\inventm\fpga_images/e1053_00_1_franco_efuse_key.bit -hw_target 210299B721A0 -speed 15000000'
2023-09-13 14:59:31,623 - INFO - program_fpga - jtag - 
2023-09-13 14:59:31,623 - INFO - program_fpga - jtag - ****** Vivado Lab Edition v2019.2 (64-bit)
2023-09-13 14:59:31,624 - INFO - program_fpga - jtag - **** SW Build 2708876 on Wed Nov  6 21:40:23 MST 2019
2023-09-13 14:59:31,625 - INFO - program_fpga - jtag - ** Copyright 1986-2019 Xilinx, Inc. All Rights Reserved.
2023-09-13 14:59:31,626 - INFO - program_fpga - jtag - 
2023-09-13 14:59:31,626 - INFO - program_fpga - jtag - source {C:\validation\Projects\Franco\python\franco_val\venv\lib\site-packages\program_fpga\program_fpga.tcl}
2023-09-13 14:59:31,627 - INFO - program_fpga - jtag - # array set optional [list -hw_server "" -hw_device "" -bit_file "" -hw_target "" -speed "" {*}$argv]
2023-09-13 14:59:31,627 - INFO - program_fpga - jtag - # set hw_server $optional(-hw_server)
2023-09-13 14:59:31,628 - INFO - program_fpga - jtag - # set hw_device $optional(-hw_device)
2023-09-13 14:59:31,628 - INFO - program_fpga - jtag - # set bit_file $optional(-bit_file)
2023-09-13 14:59:31,629 - INFO - program_fpga - jtag - # set hw_target $optional(-hw_target)
2023-09-13 14:59:31,629 - INFO - program_fpga - jtag - # set speed $optional(-speed)
2023-09-13 14:59:31,629 - INFO - program_fpga - jtag - # proc programHwDevice {hw_device bit_file} {
2023-09-13 14:59:31,630 - INFO - program_fpga - jtag - # 	current_hw_device [get_hw_devices $hw_device]
2023-09-13 14:59:31,630 - INFO - program_fpga - jtag - # 	refresh_hw_device -update_hw_probes false [lindex [get_hw_devices $hw_device] 0]
2023-09-13 14:59:31,631 - INFO - program_fpga - jtag - # 	set_property PROBES.FILE {} [get_hw_devices $hw_device]
2023-09-13 14:59:31,634 - INFO - program_fpga - jtag - # 	set_property FULL_PROBES.FILE {} [get_hw_devices $hw_device]
2023-09-13 14:59:31,635 - INFO - program_fpga - jtag - # 	set_property PROGRAM.FILE $bit_file [get_hw_devices $hw_device]
2023-09-13 14:59:31,642 - INFO - program_fpga - jtag - # 	program_hw_devices [get_hw_devices $hw_device]
2023-09-13 14:59:31,642 - INFO - program_fpga - jtag - # }
2023-09-13 14:59:31,643 - INFO - program_fpga - jtag - # proc setUpHwTarget {hw_target speed} {
2023-09-13 14:59:31,643 - INFO - program_fpga - jtag - # 	if {[string match "2*" $hw_target]} {
2023-09-13 14:59:31,644 - INFO - program_fpga - jtag - # 		current_hw_target [get_hw_targets */xilinx_tcf/Digilent/$hw_target]
2023-09-13 14:59:31,645 - INFO - program_fpga - jtag - # 	    set_property PARAM.FREQUENCY $speed [get_hw_targets */xilinx_tcf/Digilent/$hw_target]
2023-09-13 14:59:31,646 - INFO - program_fpga - jtag - # 	} elseif {[string match "0*" $hw_target]} {
2023-09-13 14:59:31,648 - INFO - program_fpga - jtag - # 		current_hw_target [get_hw_targets */xilinx_tcf/Xilinx/$hw_target]
2023-09-13 14:59:31,648 - INFO - program_fpga - jtag - # 	    set_property PARAM.FREQUENCY $speed [get_hw_targets */xilinx_tcf/Xilinx/$hw_target]
2023-09-13 14:59:31,649 - INFO - program_fpga - jtag - # 	} else {
2023-09-13 14:59:31,649 - INFO - program_fpga - jtag - # 	    current_hw_target [get_hw_targets */xilinx_tcf/$hw_target]
2023-09-13 14:59:31,649 - INFO - program_fpga - jtag - # 	    set_property PARAM.FREQUENCY $speed [get_hw_targets */xilinx_tcf/$hw_target]
2023-09-13 14:59:31,653 - INFO - program_fpga - jtag - # 	}
2023-09-13 14:59:31,657 - INFO - program_fpga - jtag - # }
2023-09-13 14:59:31,658 - INFO - program_fpga - jtag - # open_hw
2023-09-13 14:59:31,658 - INFO - program_fpga - jtag - WARNING: 'open_hw' is deprecated, please use 'open_hw_manager' instead.
2023-09-13 14:59:31,658 - INFO - program_fpga - jtag - # connect_hw_server -url $hw_server
2023-09-13 14:59:31,659 - INFO - program_fpga - jtag - INFO: [Labtools 27-2285] Connecting to hw_server url TCP:localhost:3121
2023-09-13 14:59:31,659 - INFO - program_fpga - jtag - INFO: [Labtools 27-3415] Connecting to cs_server url TCP:localhost:3042
2023-09-13 14:59:31,660 - INFO - program_fpga - jtag - INFO: [Labtools 27-3414] Connected to existing cs_server.
2023-09-13 14:59:31,660 - INFO - program_fpga - jtag - # if {$hw_target eq "auto"} {
2023-09-13 14:59:31,661 - INFO - program_fpga - jtag - # 	set hw_targets [get_hw_targets]
2023-09-13 14:59:31,663 - INFO - program_fpga - jtag - #     set found 0
2023-09-13 14:59:31,665 - INFO - program_fpga - jtag - # 	for {set i 0} {$found eq 0 && $i < [llength $hw_targets]} {incr i} {
2023-09-13 14:59:31,672 - INFO - program_fpga - jtag - # 		current_hw_target [lindex $hw_targets $i]
2023-09-13 14:59:31,672 - INFO - program_fpga - jtag - # 		set_property PARAM.FREQUENCY $speed [lindex $hw_targets $i]
2023-09-13 14:59:31,673 - INFO - program_fpga - jtag - # 		open_hw_target
2023-09-13 14:59:31,673 - INFO - program_fpga - jtag - # 		set hw_devices [get_hw_devices]
2023-09-13 14:59:31,673 - INFO - program_fpga - jtag - # 		for {set j 0} {$found eq 0 && $j < [llength $hw_devices]} {incr j} {
2023-09-13 14:59:31,674 - INFO - program_fpga - jtag - # 			# Check if current hardware target contains the requested hardware device
2023-09-13 14:59:31,674 - INFO - program_fpga - jtag - # 			if {[lindex $hw_devices $j] eq $hw_device} {
2023-09-13 14:59:31,675 - INFO - program_fpga - jtag - # 				incr found
2023-09-13 14:59:31,675 - INFO - program_fpga - jtag - # 				programHwDevice $hw_device $bit_file
2023-09-13 14:59:31,675 - INFO - program_fpga - jtag - # 			}
2023-09-13 14:59:31,676 - INFO - program_fpga - jtag - # 		}
2023-09-13 14:59:31,676 - INFO - program_fpga - jtag - # 		close_hw_target
2023-09-13 14:59:31,677 - INFO - program_fpga - jtag - # 	}
2023-09-13 14:59:31,677 - INFO - program_fpga - jtag - # } else {
2023-09-13 14:59:31,678 - INFO - program_fpga - jtag - # 	setUpHwTarget $hw_target $speed
2023-09-13 14:59:31,682 - INFO - program_fpga - jtag - # 	open_hw_target
2023-09-13 14:59:31,689 - INFO - program_fpga - jtag - # 	programHwDevice $hw_device $bit_file
2023-09-13 14:59:31,690 - INFO - program_fpga - jtag - # 	close_hw_target
2023-09-13 14:59:31,690 - INFO - program_fpga - jtag - # }
2023-09-13 14:59:31,691 - INFO - program_fpga - jtag - INFO: [Labtoolstcl 44-466] Opening hw_target localhost:3121/xilinx_tcf/Digilent/210299B721A0
2023-09-13 14:59:31,691 - INFO - program_fpga - jtag - INFO: [Labtools 27-1435] Device xc7v585t (JTAG device index = 1) is not programmed (DONE status = 0).
2023-09-13 14:59:31,691 - INFO - program_fpga - jtag - refresh_hw_device: Time (s): cpu = 00:00:03 ; elapsed = 00:00:05 . Memory (MB): peak = 1412.008 ; gain = 1209.719
2023-09-13 14:59:31,692 - INFO - program_fpga - jtag - INFO: [Labtools 27-3164] End of startup status: HIGH
2023-09-13 14:59:31,692 - INFO - program_fpga - jtag - program_hw_devices: Time (s): cpu = 00:00:07 ; elapsed = 00:00:12 . Memory (MB): peak = 1412.637 ; gain = 0.629
2023-09-13 14:59:31,693 - INFO - program_fpga - jtag - INFO: [Labtoolstcl 44-464] Closing hw_target localhost:3121/xilinx_tcf/Digilent/210299B721A0
2023-09-13 14:59:31,693 - INFO - program_fpga - jtag - # disconnect_hw_server [current_hw_server]
2023-09-13 14:59:31,694 - INFO - program_fpga - jtag - # close_hw
2023-09-13 14:59:31,694 - INFO - program_fpga - jtag - WARNING: 'close_hw' is deprecated, please use 'close_hw_manager' instead.
2023-09-13 14:59:31,695 - INFO - program_fpga - jtag - ****** Webtalk v2019.2 (64-bit)
2023-09-13 14:59:31,698 - INFO - program_fpga - jtag - **** SW Build 2708876 on Wed Nov  6 21:40:23 MST 2019
2023-09-13 14:59:31,705 - INFO - program_fpga - jtag - ** Copyright 1986-2019 Xilinx, Inc. All Rights Reserved.
2023-09-13 14:59:31,706 - INFO - program_fpga - jtag - 
2023-09-13 14:59:31,706 - INFO - program_fpga - jtag - source C:/validation/Projects/Franco/python/franco_val/.Xil/vivado_lab-18020-PC-CON02/webtalk/labtool_webtalk.tcl -notrace
2023-09-13 14:59:31,706 - INFO - program_fpga - jtag - INFO: [Common 17-206] Exiting Webtalk at Wed Sep 13 14:59:30 2023...
2023-09-13 14:59:31,707 - INFO - program_fpga - jtag - INFO: [Common 17-206] Exiting vivado_lab at Wed Sep 13 14:59:30 2023...
2023-09-13 14:59:31,708 - INFO - program_fpga - jtag - xc7v585t_1 FPGA programmed successfully
