#-----------------------------------------------------------
# Vivado Lab Edition v2019.2 (64-bit)
# SW Build 2708876 on Wed Nov  6 21:40:23 MST 2019
# 
# Start of session at: Tue Feb 20 16:46:40 2024
# Process ID: 3576
# Current directory: C:/Users/Smplab/Documents/Franco/Inventvm/SW/inventvmScripts
# Command line: vivado_lab.exe -mode batch -source C:\validation\Projects\Franco\python\franco_val\venv\lib\site-packages\program_fpga\program_fpga.tcl -tclargs -hw_server localhost:3121 -hw_device xc7v585t_1 -bit_file C:\Validation\Projects\Franco\python\franco_val\inventm\fpga_images/e1091_08_1_franco_efuse_key.bit -hw_target 210299B721A0 -speed 15000000
# Log file: C:/Users/Smplab/Documents/Franco/Inventvm/SW/inventvmScripts/vivado_lab.log
# Journal file: C:/Users/Smplab/Documents/Franco/Inventvm/SW/inventvmScripts\vivado_lab.jou
#-----------------------------------------------------------
source {C:\validation\Projects\Franco\python\franco_val\venv\lib\site-packages\program_fpga\program_fpga.tcl}
# array set optional [list -hw_server "" -hw_device "" -bit_file "" -hw_target "" -speed "" {*}$argv]
# set hw_server $optional(-hw_server)
# set hw_device $optional(-hw_device)
# set bit_file $optional(-bit_file)
# set hw_target $optional(-hw_target)
# set speed $optional(-speed)
# proc programHwDevice {hw_device bit_file} {
# 	current_hw_device [get_hw_devices $hw_device]
# 	refresh_hw_device -update_hw_probes false [lindex [get_hw_devices $hw_device] 0]
# 	set_property PROBES.FILE {} [get_hw_devices $hw_device]
# 	set_property FULL_PROBES.FILE {} [get_hw_devices $hw_device]
# 	set_property PROGRAM.FILE $bit_file [get_hw_devices $hw_device]
# 	program_hw_devices [get_hw_devices $hw_device]
# }
# proc setUpHwTarget {hw_target speed} {
# 	if {[string match "2*" $hw_target]} {
# 		current_hw_target [get_hw_targets */xilinx_tcf/Digilent/$hw_target]
# 	    set_property PARAM.FREQUENCY $speed [get_hw_targets */xilinx_tcf/Digilent/$hw_target]
# 	} elseif {[string match "0*" $hw_target]} {
# 		current_hw_target [get_hw_targets */xilinx_tcf/Xilinx/$hw_target]
# 	    set_property PARAM.FREQUENCY $speed [get_hw_targets */xilinx_tcf/Xilinx/$hw_target]
# 	} else {
# 	    current_hw_target [get_hw_targets */xilinx_tcf/$hw_target]
# 	    set_property PARAM.FREQUENCY $speed [get_hw_targets */xilinx_tcf/$hw_target]
# 	}
# }
# open_hw
WARNING: 'open_hw' is deprecated, please use 'open_hw_manager' instead.
# connect_hw_server -url $hw_server
INFO: [Labtools 27-2285] Connecting to hw_server url TCP:localhost:3121
ERROR: [Xicom 50-198] Cannot support out-of-date hw_server.  Update to the latest hw_server.
ERROR: [Labtools 27-3461] Cannot support an older version of hw_server.
ERROR: [Common 17-39] 'connect_hw_server' failed due to earlier errors.

    while executing
"connect_hw_server -url $hw_server"
    (file "C:\validation\Projects\Franco\python\franco_val\venv\lib\site-packages\program_fpga\program_fpga.tcl" line 35)
INFO: [Common 17-206] Exiting vivado_lab at Tue Feb 20 16:46:41 2024...
